d:\for university\hpc_projecttemplate\hpc_projecttemplate\hpc_projecttemplate\debug\vc143.pdb
d:\for university\hpc_projecttemplate\hpc_projecttemplate\hpc_projecttemplate\debug\.netframework,version=v4.7.2.assemblyattributes.obj
d:\for university\hpc_projecttemplate\hpc_projecttemplate\hpc_projecttemplate\debug\source.obj
c:\users\mario\documents\git hub\high-pass-filter-image\hpc_projecttemplate\hpc_projecttemplate\debug\vc143.pdb
c:\users\mario\documents\git hub\high-pass-filter-image\hpc_projecttemplate\hpc_projecttemplate\debug\.netframework,version=v4.7.2.assemblyattributes.obj
c:\users\mario\documents\git hub\high-pass-filter-image\hpc_projecttemplate\hpc_projecttemplate\debug\source.obj
d:\for university\hpc_projecttemplate\hpc_projecttemplate\debug\hpc_projecttemplate.exe
d:\for university\hpc_projecttemplate\hpc_projecttemplate\debug\hpc_projecttemplate.pdb
c:\users\mario\documents\git hub\high-pass-filter-image\hpc_projecttemplate\debug\hpc_projecttemplate.exe
c:\users\mario\documents\git hub\high-pass-filter-image\hpc_projecttemplate\debug\hpc_projecttemplate.pdb
c:\users\mario\documents\git hub\high-pass-filter-image\hpc_projecttemplate\hpc_projecttemplate\debug\hpc_projecttemplate.vcxprojassemblyreference.cache
c:\users\mario\documents\git hub\high-pass-filter-image\hpc_projecttemplate\hpc_projecttemplate\debug\.netframework,version=v4.0.assemblyattributes.obj
c:\users\mario\documents\git hub\high-pass-filter-image\hpc_projecttemplate\hpc_projecttemplate\debug\vc141.pdb
c:\users\mario\documents\git hub\high-pass-filter-image\hpc_projecttemplate\hpc_projecttemplate\debug\hpc_proj.7aebee7c.tlog\cl.command.1.tlog
c:\users\mario\documents\git hub\high-pass-filter-image\hpc_projecttemplate\hpc_projecttemplate\debug\hpc_proj.7aebee7c.tlog\cl.read.1.tlog
c:\users\mario\documents\git hub\high-pass-filter-image\hpc_projecttemplate\hpc_projecttemplate\debug\hpc_proj.7aebee7c.tlog\cl.write.1.tlog
c:\users\mario\documents\git hub\high-pass-filter-image\hpc_projecttemplate\hpc_projecttemplate\debug\hpc_proj.7aebee7c.tlog\link.command.1.tlog
c:\users\mario\documents\git hub\high-pass-filter-image\hpc_projecttemplate\hpc_projecttemplate\debug\hpc_proj.7aebee7c.tlog\link.read.1.tlog
c:\users\mario\documents\git hub\high-pass-filter-image\hpc_projecttemplate\hpc_projecttemplate\debug\hpc_proj.7aebee7c.tlog\link.write.1.tlog
c:\users\mario\documents\git hub\high-pass-filter-image\hpc_projecttemplate\hpc_projecttemplate\debug\hpc_proj.7aebee7c.tlog\metagen.read.1.tlog
c:\users\mario\documents\git hub\high-pass-filter-image\hpc_projecttemplate\hpc_projecttemplate\debug\hpc_proj.7aebee7c.tlog\metagen.write.1.tlog
